{"level":"error","message":"mongoose is not definedmongoose is not defined","stack":"ReferenceError: mongoose is not defined\n    at router.get (/Users/ppichier/code/mosh-tuto/vidyl/routes/genres.js:15:3)\n    at newFn (/Users/ppichier/code/mosh-tuto/vidyl/node_modules/express-async-errors/index.js:16:20)\n    at Layer.handle [as handle_request] (/Users/ppichier/code/mosh-tuto/vidyl/node_modules/express/lib/router/layer.js:95:5)\n    at next (/Users/ppichier/code/mosh-tuto/vidyl/node_modules/express/lib/router/route.js:137:13)\n    at Route.dispatch (/Users/ppichier/code/mosh-tuto/vidyl/node_modules/express/lib/router/route.js:112:3)\n    at newFn (/Users/ppichier/code/mosh-tuto/vidyl/node_modules/express-async-errors/index.js:16:20)\n    at Layer.handle [as handle_request] (/Users/ppichier/code/mosh-tuto/vidyl/node_modules/express/lib/router/layer.js:95:5)\n    at /Users/ppichier/code/mosh-tuto/vidyl/node_modules/express/lib/router/index.js:281:22\n    at param (/Users/ppichier/code/mosh-tuto/vidyl/node_modules/express/lib/router/index.js:354:14)\n    at param (/Users/ppichier/code/mosh-tuto/vidyl/node_modules/express/lib/router/index.js:365:14)\n    at Function.process_params (/Users/ppichier/code/mosh-tuto/vidyl/node_modules/express/lib/router/index.js:410:3)\n    at next (/Users/ppichier/code/mosh-tuto/vidyl/node_modules/express/lib/router/index.js:275:10)\n    at Function.handle (/Users/ppichier/code/mosh-tuto/vidyl/node_modules/express/lib/router/index.js:174:3)\n    at router (/Users/ppichier/code/mosh-tuto/vidyl/node_modules/express/lib/router/index.js:47:12)\n    at newFn (/Users/ppichier/code/mosh-tuto/vidyl/node_modules/express-async-errors/index.js:16:20)\n    at Layer.handle [as handle_request] (/Users/ppichier/code/mosh-tuto/vidyl/node_modules/express/lib/router/layer.js:95:5)\n    at trim_prefix (/Users/ppichier/code/mosh-tuto/vidyl/node_modules/express/lib/router/index.js:317:13)\n    at /Users/ppichier/code/mosh-tuto/vidyl/node_modules/express/lib/router/index.js:284:7\n    at Function.process_params (/Users/ppichier/code/mosh-tuto/vidyl/node_modules/express/lib/router/index.js:335:12)\n    at next (/Users/ppichier/code/mosh-tuto/vidyl/node_modules/express/lib/router/index.js:275:10)\n    at /Users/ppichier/code/mosh-tuto/vidyl/node_modules/body-parser/lib/read.js:130:5\n    at invokeCallback (/Users/ppichier/code/mosh-tuto/vidyl/node_modules/raw-body/index.js:224:16)"}
{"message":"Listening on port 3000","level":"info"}
{"message":"Connected to mongodb://localhost/vidly...","level":"info"}
{"message":"Listening on port 3000","level":"info"}
{"message":"Connected to mongodb://localhost/vidly...","level":"info"}
{"message":"Listening on port 3000","level":"info"}
{"message":"Connected to mongodb://localhost/vidly...","level":"info"}
{"message":"Listening on port 3000","level":"info"}
{"message":"Connected to mongodb://localhost/vidly_test...","level":"info"}
{"level":"error","message":"ç is not definedç is not defined","stack":"ReferenceError: ç is not defined\n    at ç (/Users/ppichier/code/mosh-tuto/vidyl/routes/genres.js:18:5)\n    at newFn (/Users/ppichier/code/mosh-tuto/vidyl/node_modules/express-async-errors/index.js:16:20)\n    at Layer.handle [as handle_request] (/Users/ppichier/code/mosh-tuto/vidyl/node_modules/express/lib/router/layer.js:95:5)\n    at next (/Users/ppichier/code/mosh-tuto/vidyl/node_modules/express/lib/router/route.js:137:13)\n    at Route.dispatch (/Users/ppichier/code/mosh-tuto/vidyl/node_modules/express/lib/router/route.js:112:3)\n    at newFn (/Users/ppichier/code/mosh-tuto/vidyl/node_modules/express-async-errors/index.js:16:20)\n    at Layer.handle [as handle_request] (/Users/ppichier/code/mosh-tuto/vidyl/node_modules/express/lib/router/layer.js:95:5)\n    at /Users/ppichier/code/mosh-tuto/vidyl/node_modules/express/lib/router/index.js:281:22\n    at param (/Users/ppichier/code/mosh-tuto/vidyl/node_modules/express/lib/router/index.js:354:14)\n    at param (/Users/ppichier/code/mosh-tuto/vidyl/node_modules/express/lib/router/index.js:365:14)\n    at Function.process_params (/Users/ppichier/code/mosh-tuto/vidyl/node_modules/express/lib/router/index.js:410:3)\n    at next (/Users/ppichier/code/mosh-tuto/vidyl/node_modules/express/lib/router/index.js:275:10)\n    at Function.handle (/Users/ppichier/code/mosh-tuto/vidyl/node_modules/express/lib/router/index.js:174:3)\n    at router (/Users/ppichier/code/mosh-tuto/vidyl/node_modules/express/lib/router/index.js:47:12)\n    at newFn (/Users/ppichier/code/mosh-tuto/vidyl/node_modules/express-async-errors/index.js:16:20)\n    at Layer.handle [as handle_request] (/Users/ppichier/code/mosh-tuto/vidyl/node_modules/express/lib/router/layer.js:95:5)\n    at trim_prefix (/Users/ppichier/code/mosh-tuto/vidyl/node_modules/express/lib/router/index.js:317:13)\n    at /Users/ppichier/code/mosh-tuto/vidyl/node_modules/express/lib/router/index.js:284:7\n    at Function.process_params (/Users/ppichier/code/mosh-tuto/vidyl/node_modules/express/lib/router/index.js:335:12)\n    at next (/Users/ppichier/code/mosh-tuto/vidyl/node_modules/express/lib/router/index.js:275:10)\n    at jsonParser (/Users/ppichier/code/mosh-tuto/vidyl/node_modules/body-parser/lib/types/json.js:110:7)\n    at newFn (/Users/ppichier/code/mosh-tuto/vidyl/node_modules/express-async-errors/index.js:16:20)\n    at Layer.handle [as handle_request] (/Users/ppichier/code/mosh-tuto/vidyl/node_modules/express/lib/router/layer.js:95:5)\n    at trim_prefix (/Users/ppichier/code/mosh-tuto/vidyl/node_modules/express/lib/router/index.js:317:13)\n    at /Users/ppichier/code/mosh-tuto/vidyl/node_modules/express/lib/router/index.js:284:7\n    at Function.process_params (/Users/ppichier/code/mosh-tuto/vidyl/node_modules/express/lib/router/index.js:335:12)\n    at next (/Users/ppichier/code/mosh-tuto/vidyl/node_modules/express/lib/router/index.js:275:10)\n    at expressInit (/Users/ppichier/code/mosh-tuto/vidyl/node_modules/express/lib/middleware/init.js:40:5)\n    at newFn (/Users/ppichier/code/mosh-tuto/vidyl/node_modules/express-async-errors/index.js:16:20)\n    at Layer.handle [as handle_request] (/Users/ppichier/code/mosh-tuto/vidyl/node_modules/express/lib/router/layer.js:95:5)\n    at trim_prefix (/Users/ppichier/code/mosh-tuto/vidyl/node_modules/express/lib/router/index.js:317:13)\n    at /Users/ppichier/code/mosh-tuto/vidyl/node_modules/express/lib/router/index.js:284:7\n    at Function.process_params (/Users/ppichier/code/mosh-tuto/vidyl/node_modules/express/lib/router/index.js:335:12)\n    at next (/Users/ppichier/code/mosh-tuto/vidyl/node_modules/express/lib/router/index.js:275:10)\n    at query (/Users/ppichier/code/mosh-tuto/vidyl/node_modules/express/lib/middleware/query.js:45:5)\n    at newFn (/Users/ppichier/code/mosh-tuto/vidyl/node_modules/express-async-errors/index.js:16:20)\n    at Layer.handle [as handle_request] (/Users/ppichier/code/mosh-tuto/vidyl/node_modules/express/lib/router/layer.js:95:5)\n    at trim_prefix (/Users/ppichier/code/mosh-tuto/vidyl/node_modules/express/lib/router/index.js:317:13)\n    at /Users/ppichier/code/mosh-tuto/vidyl/node_modules/express/lib/router/index.js:284:7\n    at Function.process_params (/Users/ppichier/code/mosh-tuto/vidyl/node_modules/express/lib/router/index.js:335:12)\n    at next (/Users/ppichier/code/mosh-tuto/vidyl/node_modules/express/lib/router/index.js:275:10)\n    at Function.handle (/Users/ppichier/code/mosh-tuto/vidyl/node_modules/express/lib/router/index.js:174:3)\n    at Function.handle (/Users/ppichier/code/mosh-tuto/vidyl/node_modules/express/lib/application.js:174:10)\n    at Server.app (/Users/ppichier/code/mosh-tuto/vidyl/node_modules/express/lib/express.js:39:9)\n    at Server.emit (events.js:197:13)\n    at parserOnIncoming (_http_server.js:682:12)\n    at HTTPParser.parserOnHeadersComplete (_http_common.js:113:17)"}
{"message":"Listening on port 3000","level":"info"}
{"message":"Connected to mongodb://localhost/vidly_test...","level":"info"}
{"message":"Listening on port 3000","level":"info"}
{"message":"Connected to mongodb://localhost/vidly...","level":"info"}
{"message":"Listening on port 3000","level":"info"}
{"message":"Connected to mongodb://localhost/vidly...","level":"info"}
{"message":"Listening on port 3000","level":"info"}
{"message":"Connected to mongodb://localhost/vidly...","level":"info"}
{"message":"Listening on port 3000","level":"info"}
{"message":"Connected to mongodb://localhost/vidly...","level":"info"}
{"message":"Listening on port 3000","level":"info"}
{"message":"Connected to mongodb://localhost/vidly...","level":"info"}
{"message":"Listening on port 3000","level":"info"}
{"message":"Connected to mongodb://localhost/vidly...","level":"info"}
{"message":"Listening on port 3000","level":"info"}
{"message":"Connected to mongodb://localhost/vidly...","level":"info"}
{"message":"Listening on port 3000","level":"info"}
{"message":"Connected to mongodb://localhost/vidly...","level":"info"}
{"message":"Listening on port 3000","level":"info"}
{"message":"Connected to mongodb://localhost/vidly...","level":"info"}
{"message":"Listening on port 3000","level":"info"}
{"message":"Connected to mongodb://localhost/vidly...","level":"info"}
{"message":"Listening on port 3000","level":"info"}
{"message":"Connected to mongodb://localhost/vidly...","level":"info"}
{"message":"Listening on port 3000","level":"info"}
{"message":"Connected to mongodb://localhost/vidly...","level":"info"}
{"message":"Listening on port 3000","level":"info"}
{"message":"Connected to mongodb://localhost/vidly...","level":"info"}
{"message":"Listening on port 3000","level":"info"}
{"message":"Connected to mongodb://localhost/vidly...","level":"info"}
{"message":"Listening on port 3000","level":"info"}
{"message":"Connected to mongodb://localhost/vidly...","level":"info"}
{"message":"Listening on port 3000","level":"info"}
{"message":"Connected to mongodb://localhost/vidly...","level":"info"}
{"message":"Listening on port 3000","level":"info"}
{"message":"Connected to mongodb://localhost/vidly...","level":"info"}
{"message":"Listening on port 3000","level":"info"}
{"message":"Connected to mongodb://localhost/vidly...","level":"info"}
{"message":"Listening on port 3000","level":"info"}
{"message":"Connected to mongodb://localhost/vidly...","level":"info"}
{"message":"Listening on port 3000","level":"info"}
{"message":"Connected to mongodb://localhost/vidly_test...","level":"info"}
{"message":"Listening on port 3000","level":"info"}
{"message":"Connected to mongodb://localhost/vidly_test...","level":"info"}
{"message":"Listening on port 3000","level":"info"}
{"message":"Connected to mongodb://localhost/vidly_test...","level":"info"}
{"message":"Listening on port 3000","level":"info"}
{"message":"Connected to mongodb://localhost/vidly_test...","level":"info"}
{"message":"Listening on port 3000","level":"info"}
{"message":"Connected to mongodb://localhost/vidly_test...","level":"info"}
{"message":"Listening on port 3000","level":"info"}
{"message":"Connected to mongodb://localhost/vidly_test...","level":"info"}
{"message":"Listening on port 3000","level":"info"}
{"message":"Connected to mongodb://localhost/vidly_test...","level":"info"}
{"message":"Listening on port 3000","level":"info"}
{"message":"Connected to mongodb://localhost/vidly_test...","level":"info"}
{"message":"Listening on port 3000","level":"info"}
{"message":"Connected to mongodb://localhost/vidly_test...","level":"info"}
{"message":"Listening on port 3000","level":"info"}
{"message":"Connected to mongodb://localhost/vidly_test...","level":"info"}
{"message":"Listening on port 3000","level":"info"}
{"message":"Connected to mongodb://localhost/vidly_test...","level":"info"}
{"message":"Listening on port 3000","level":"info"}
{"message":"Connected to mongodb://localhost/vidly_test...","level":"info"}
{"message":"Listening on port 3000","level":"info"}
{"message":"Connected to mongodb://localhost/vidly_test...","level":"info"}
{"message":"Listening on port 3000","level":"info"}
{"message":"Connected to mongodb://localhost/vidly_test...","level":"info"}
{"message":"Listening on port 3000","level":"info"}
{"message":"Connected to mongodb://localhost/vidly_test...","level":"info"}
{"message":"Listening on port 3000","level":"info"}
{"message":"Connected to mongodb://localhost/vidly_test...","level":"info"}
{"message":"Listening on port 3000","level":"info"}
{"message":"Connected to mongodb://localhost/vidly_test...","level":"info"}
{"message":"Listening on port 3000","level":"info"}
{"message":"Connected to mongodb://localhost/vidly_test...","level":"info"}
{"message":"Listening on port 3000","level":"info"}
{"message":"Connected to mongodb://localhost/vidly_test...","level":"info"}
{"message":"Listening on port 3000","level":"info"}
{"message":"Connected to mongodb://localhost/vidly_test...","level":"info"}
{"message":"Listening on port 3000","level":"info"}
{"message":"Connected to mongodb://localhost/vidly_test...","level":"info"}
{"message":"Listening on port 3000","level":"info"}
{"message":"Connected to mongodb://localhost/vidly_test...","level":"info"}
{"message":"Listening on port 3000","level":"info"}
{"message":"Connected to mongodb://localhost/vidly_test...","level":"info"}
{"message":"Listening on port 3000","level":"info"}
{"message":"Connected to mongodb://localhost/vidly_test...","level":"info"}
{"message":"Listening on port 3000","level":"info"}
{"message":"Connected to mongodb://localhost/vidly_test...","level":"info"}
{"message":"Listening on port 3000","level":"info"}
{"message":"Connected to mongodb://localhost/vidly_test...","level":"info"}
{"message":"Listening on port 3000","level":"info"}
{"message":"Connected to mongodb://localhost/vidly_test...","level":"info"}
{"message":"Listening on port 3000","level":"info"}
{"message":"Connected to mongodb://localhost/vidly_test...","level":"info"}
{"message":"Listening on port 3000","level":"info"}
{"message":"Connected to mongodb://localhost/vidly_test...","level":"info"}
{"message":"Listening on port 3000","level":"info"}
{"message":"Connected to mongodb://localhost/vidly_test...","level":"info"}
{"message":"Listening on port 3000","level":"info"}
{"message":"Connected to mongodb://localhost/vidly_test...","level":"info"}
{"message":"Listening on port 3000","level":"info"}
{"message":"Connected to mongodb://localhost/vidly_test...","level":"info"}
{"message":"Listening on port 3000","level":"info"}
{"message":"Connected to mongodb://localhost/vidly_test...","level":"info"}
{"message":"Listening on port 3000","level":"info"}
{"message":"Connected to mongodb://localhost/vidly_test...","level":"info"}
{"message":"Listening on port 3000","level":"info"}
{"message":"Connected to mongodb://localhost/vidly_test...","level":"info"}
{"message":"Listening on port 3000","level":"info"}
{"message":"Connected to mongodb://localhost/vidly_test...","level":"info"}
{"message":"Listening on port 3000","level":"info"}
{"message":"Connected to mongodb://localhost/vidly_test...","level":"info"}
{"message":"Listening on port 3000","level":"info"}
{"message":"Connected to mongodb://localhost/vidly_test...","level":"info"}
{"message":"Listening on port 3000","level":"info"}
{"message":"Connected to mongodb://localhost/vidly_test...","level":"info"}
{"message":"Listening on port 3000","level":"info"}
{"message":"Connected to mongodb://localhost/vidly_test...","level":"info"}
{"message":"Listening on port 3000","level":"info"}
{"message":"Connected to mongodb://localhost/vidly_test...","level":"info"}
{"message":"Listening on port 3000","level":"info"}
{"message":"Connected to mongodb://localhost/vidly_test...","level":"info"}
{"message":"Listening on port 3000","level":"info"}
{"message":"Connected to mongodb://localhost/vidly_test...","level":"info"}
{"message":"Listening on port 3000","level":"info"}
{"message":"Connected to mongodb://localhost/vidly_test...","level":"info"}
{"message":"Listening on port 3000","level":"info"}
{"message":"Connected to mongodb://localhost/vidly_test...","level":"info"}
{"message":"Listening on port 3000","level":"info"}
{"message":"Connected to mongodb://localhost/vidly_test...","level":"info"}
{"errors":{"name":{"message":"Path `name` (`123`) is shorter than the minimum allowed length (5).","name":"ValidatorError","properties":{"message":"Path `name` (`123`) is shorter than the minimum allowed length (5).","type":"minlength","minlength":5,"path":"name","value":"123"},"kind":"minlength","path":"name","value":"123"}},"_message":"Genre validation failed","message":"Genre validation failed: name: Path `name` (`123`) is shorter than the minimum allowed length (5).Genre validation failed: name: Path `name` (`123`) is shorter than the minimum allowed length (5).","name":"ValidationError","level":"error","stack":"ValidationError: Genre validation failed: name: Path `name` (`123`) is shorter than the minimum allowed length (5).\n    at new ValidationError (/Users/ppichier/code/mosh-tuto/vidyl/node_modules/mongoose/lib/error/validation.js:30:11)\n    at model.Object.<anonymous>.Document.invalidate (/Users/ppichier/code/mosh-tuto/vidyl/node_modules/mongoose/lib/document.js:2291:32)\n    at p.doValidate.skipSchemaValidators (/Users/ppichier/code/mosh-tuto/vidyl/node_modules/mongoose/lib/document.js:2140:17)\n    at /Users/ppichier/code/mosh-tuto/vidyl/node_modules/mongoose/lib/schematype.js:1037:9\n    at processTicksAndRejections (internal/process/next_tick.js:74:9)"}
{"message":"Listening on port 3000","level":"info"}
{"message":"Connected to mongodb://localhost/vidly_test...","level":"info"}
{"errors":{"name":{"message":"Path `name` (`123`) is shorter than the minimum allowed length (5).","name":"ValidatorError","properties":{"message":"Path `name` (`123`) is shorter than the minimum allowed length (5).","type":"minlength","minlength":5,"path":"name","value":"123"},"kind":"minlength","path":"name","value":"123"}},"_message":"Genre validation failed","message":"Genre validation failed: name: Path `name` (`123`) is shorter than the minimum allowed length (5).Genre validation failed: name: Path `name` (`123`) is shorter than the minimum allowed length (5).","name":"ValidationError","level":"error","stack":"ValidationError: Genre validation failed: name: Path `name` (`123`) is shorter than the minimum allowed length (5).\n    at new ValidationError (/Users/ppichier/code/mosh-tuto/vidyl/node_modules/mongoose/lib/error/validation.js:30:11)\n    at model.Object.<anonymous>.Document.invalidate (/Users/ppichier/code/mosh-tuto/vidyl/node_modules/mongoose/lib/document.js:2291:32)\n    at p.doValidate.skipSchemaValidators (/Users/ppichier/code/mosh-tuto/vidyl/node_modules/mongoose/lib/document.js:2140:17)\n    at /Users/ppichier/code/mosh-tuto/vidyl/node_modules/mongoose/lib/schematype.js:1037:9\n    at processTicksAndRejections (internal/process/next_tick.js:74:9)"}
{"message":"Listening on port 3000","level":"info"}
{"message":"Connected to mongodb://localhost/vidly_test...","level":"info"}
{"message":"Listening on port 3000","level":"info"}
{"message":"Connected to mongodb://localhost/vidly_test...","level":"info"}
{"message":"Listening on port 3000","level":"info"}
{"message":"Connected to mongodb://localhost/vidly_test...","level":"info"}
{"message":"Listening on port 3000","level":"info"}
{"message":"Connected to mongodb://localhost/vidly_test...","level":"info"}
{"message":"Listening on port 3000","level":"info"}
{"message":"Connected to mongodb://localhost/vidly_test...","level":"info"}
{"message":"Listening on port 3000","level":"info"}
{"message":"Connected to mongodb://localhost/vidly_test...","level":"info"}
{"message":"Listening on port 3000","level":"info"}
{"message":"Connected to mongodb://localhost/vidly_test...","level":"info"}
{"message":"Listening on port 3000","level":"info"}
{"message":"Connected to mongodb://localhost/vidly_test...","level":"info"}
{"message":"Listening on port 3000","level":"info"}
{"message":"Connected to mongodb://localhost/vidly_test...","level":"info"}
{"message":"Listening on port 3000","level":"info"}
{"message":"Connected to mongodb://localhost/vidly_test...","level":"info"}
{"errors":{"name":{"message":"Path `name` (`aaaaaaaaaaaaaaaaaaaaaaaaaaaaaaaaaaaaaaaaaaaaaaaaaaa`) is longer than the maximum allowed length (50).","name":"ValidatorError","properties":{"message":"Path `name` (`aaaaaaaaaaaaaaaaaaaaaaaaaaaaaaaaaaaaaaaaaaaaaaaaaaa`) is longer than the maximum allowed length (50).","type":"maxlength","maxlength":50,"path":"name","value":"aaaaaaaaaaaaaaaaaaaaaaaaaaaaaaaaaaaaaaaaaaaaaaaaaaa"},"kind":"maxlength","path":"name","value":"aaaaaaaaaaaaaaaaaaaaaaaaaaaaaaaaaaaaaaaaaaaaaaaaaaa"}},"_message":"Genre validation failed","message":"Genre validation failed: name: Path `name` (`aaaaaaaaaaaaaaaaaaaaaaaaaaaaaaaaaaaaaaaaaaaaaaaaaaa`) is longer than the maximum allowed length (50).Genre validation failed: name: Path `name` (`aaaaaaaaaaaaaaaaaaaaaaaaaaaaaaaaaaaaaaaaaaaaaaaaaaa`) is longer than the maximum allowed length (50).","name":"ValidationError","level":"error","stack":"ValidationError: Genre validation failed: name: Path `name` (`aaaaaaaaaaaaaaaaaaaaaaaaaaaaaaaaaaaaaaaaaaaaaaaaaaa`) is longer than the maximum allowed length (50).\n    at new ValidationError (/Users/ppichier/code/mosh-tuto/vidyl/node_modules/mongoose/lib/error/validation.js:30:11)\n    at model.Object.<anonymous>.Document.invalidate (/Users/ppichier/code/mosh-tuto/vidyl/node_modules/mongoose/lib/document.js:2291:32)\n    at p.doValidate.skipSchemaValidators (/Users/ppichier/code/mosh-tuto/vidyl/node_modules/mongoose/lib/document.js:2140:17)\n    at /Users/ppichier/code/mosh-tuto/vidyl/node_modules/mongoose/lib/schematype.js:1037:9\n    at processTicksAndRejections (internal/process/next_tick.js:74:9)"}
{"message":"Listening on port 3000","level":"info"}
{"message":"Connected to mongodb://localhost/vidly_test...","level":"info"}
{"errors":{"name":{"message":"Path `name` (`aaaaaaaaaaaaaaaaaaaaaaaaaaaaaaaaaaaaaaaaaaaaaaaaaaa`) is longer than the maximum allowed length (50).","name":"ValidatorError","properties":{"message":"Path `name` (`aaaaaaaaaaaaaaaaaaaaaaaaaaaaaaaaaaaaaaaaaaaaaaaaaaa`) is longer than the maximum allowed length (50).","type":"maxlength","maxlength":50,"path":"name","value":"aaaaaaaaaaaaaaaaaaaaaaaaaaaaaaaaaaaaaaaaaaaaaaaaaaa"},"kind":"maxlength","path":"name","value":"aaaaaaaaaaaaaaaaaaaaaaaaaaaaaaaaaaaaaaaaaaaaaaaaaaa"}},"_message":"Genre validation failed","message":"Genre validation failed: name: Path `name` (`aaaaaaaaaaaaaaaaaaaaaaaaaaaaaaaaaaaaaaaaaaaaaaaaaaa`) is longer than the maximum allowed length (50).Genre validation failed: name: Path `name` (`aaaaaaaaaaaaaaaaaaaaaaaaaaaaaaaaaaaaaaaaaaaaaaaaaaa`) is longer than the maximum allowed length (50).","name":"ValidationError","level":"error","stack":"ValidationError: Genre validation failed: name: Path `name` (`aaaaaaaaaaaaaaaaaaaaaaaaaaaaaaaaaaaaaaaaaaaaaaaaaaa`) is longer than the maximum allowed length (50).\n    at new ValidationError (/Users/ppichier/code/mosh-tuto/vidyl/node_modules/mongoose/lib/error/validation.js:30:11)\n    at model.Object.<anonymous>.Document.invalidate (/Users/ppichier/code/mosh-tuto/vidyl/node_modules/mongoose/lib/document.js:2291:32)\n    at p.doValidate.skipSchemaValidators (/Users/ppichier/code/mosh-tuto/vidyl/node_modules/mongoose/lib/document.js:2140:17)\n    at /Users/ppichier/code/mosh-tuto/vidyl/node_modules/mongoose/lib/schematype.js:1037:9\n    at processTicksAndRejections (internal/process/next_tick.js:74:9)"}
{"message":"Listening on port 3000","level":"info"}
{"message":"Connected to mongodb://localhost/vidly_test...","level":"info"}
{"message":"Listening on port 3000","level":"info"}
{"message":"Connected to mongodb://localhost/vidly_test...","level":"info"}
{"message":"Listening on port 3000","level":"info"}
{"message":"Connected to mongodb://localhost/vidly_test...","level":"info"}
{"message":"Listening on port 3000","level":"info"}
{"message":"Connected to mongodb://localhost/vidly_test...","level":"info"}
{"message":"Listening on port 3000","level":"info"}
{"message":"Connected to mongodb://localhost/vidly_test...","level":"info"}
{"message":"Listening on port 3000","level":"info"}
{"message":"Connected to mongodb://localhost/vidly_test...","level":"info"}
{"message":"Listening on port 3000","level":"info"}
{"message":"Connected to mongodb://localhost/vidly_test...","level":"info"}
{"message":"Listening on port 3000","level":"info"}
{"message":"Connected to mongodb://localhost/vidly_test...","level":"info"}
{"message":"Listening on port 3000","level":"info"}
{"message":"Connected to mongodb://localhost/vidly_test...","level":"info"}
{"message":"Listening on port 3000","level":"info"}
{"message":"Connected to mongodb://localhost/vidly_test...","level":"info"}
{"message":"Listening on port 3000","level":"info"}
{"message":"Connected to mongodb://localhost/vidly_test...","level":"info"}
{"message":"Listening on port 3000","level":"info"}
{"message":"Connected to mongodb://localhost/vidly_test...","level":"info"}
{"message":"Listening on port 3000","level":"info"}
{"message":"Connected to mongodb://localhost/vidly_test...","level":"info"}
{"message":"Listening on port 3000","level":"info"}
{"message":"Connected to mongodb://localhost/vidly_test...","level":"info"}
{"message":"Listening on port 3000","level":"info"}
{"message":"Connected to mongodb://localhost/vidly_test...","level":"info"}
{"message":"Listening on port 3000","level":"info"}
{"message":"Connected to mongodb://localhost/vidly_test...","level":"info"}
{"message":"Listening on port 3000","level":"info"}
{"message":"Connected to mongodb://localhost/vidly_test...","level":"info"}
{"message":"Listening on port 3000","level":"info"}
{"message":"Connected to mongodb://localhost/vidly_test...","level":"info"}
{"message":"Listening on port 3000","level":"info"}
{"message":"Connected to mongodb://localhost/vidly_test...","level":"info"}
{"message":"Listening on port 3000","level":"info"}
{"message":"Connected to mongodb://localhost/vidly_test...","level":"info"}
{"message":"Listening on port 3000","level":"info"}
{"message":"Connected to mongodb://localhost/vidly_test...","level":"info"}
{"message":"Listening on port 3000","level":"info"}
{"message":"Connected to mongodb://localhost/vidly_test...","level":"info"}
{"message":"Listening on port 3000","level":"info"}
{"message":"Connected to mongodb://localhost/vidly_test...","level":"info"}
{"message":"Listening on port 3000","level":"info"}
{"message":"Connected to mongodb://localhost/vidly_test...","level":"info"}
{"message":"Listening on port 3000","level":"info"}
{"message":"Connected to mongodb://localhost/vidly_test...","level":"info"}
{"message":"Listening on port 3000","level":"info"}
{"message":"Connected to mongodb://localhost/vidly_test...","level":"info"}
{"message":"Listening on port 3000","level":"info"}
{"message":"Connected to mongodb://localhost/vidly_test...","level":"info"}
{"message":"Listening on port 3000","level":"info"}
{"message":"Connected to mongodb://localhost/vidly_test...","level":"info"}
{"message":"Listening on port 3000","level":"info"}
{"message":"Connected to mongodb://localhost/vidly_test...","level":"info"}
{"message":"Listening on port 3000","level":"info"}
{"message":"Connected to mongodb://localhost/vidly_test...","level":"info"}
{"message":"Listening on port 3000","level":"info"}
{"message":"Connected to mongodb://localhost/vidly_test...","level":"info"}
{"message":"Listening on port 3000","level":"info"}
{"message":"Connected to mongodb://localhost/vidly_test...","level":"info"}
{"message":"Listening on port 3000","level":"info"}
{"message":"Connected to mongodb://localhost/vidly_test...","level":"info"}
